#
# A fatal error has been detected by the Java Runtime Environment:
#
#  EXCEPTION_ACCESS_VIOLATION (0xc0000005) at pc=0x0000000052c8f450, pid=1096, tid=0x0000000000001f70
#
# JRE version: Java(TM) SE Runtime Environment (8.0_241-b07) (build 1.8.0_241-b07)
# Java VM: Java HotSpot(TM) 64-Bit Server VM (25.241-b07 mixed mode windows-amd64 compressed oops)
# Problematic frame:
# V  [jvm.dll+0x4ff450]
#
# Failed to write core dump. Minidumps are not enabled by default on client versions of Windows
#
# If you would like to submit a bug report, please visit:
#   http://bugreport.java.com/bugreport/crash.jsp
#

---------------  T H R E A D  ---------------

Current thread (0x00000000177bd000):  JavaThread "C2 CompilerThread0" daemon [_thread_in_native, id=8048, stack(0x0000000018e20000,0x0000000018f20000)]

siginfo: ExceptionCode=0xc0000005, reading address 0x000000000000002c

Registers:
RAX=0x00000000206944b0, RBX=0x000000001fb459b0, RCX=0x0000000000000000, RDX=0x0000000000002dac
RSP=0x0000000018f1c188, RBP=0x0000000018f1c290, RSI=0x0000000000000001, RDI=0x000000001fb45700
R8 =0x0000000000000005, R9 =0x0000000000000002, R10=0x000000001f424b30, R11=0x000000000000001d
R12=0x0000000000000008, R13=0x00000000207d0f50, R14=0x00000000000000bc, R15=0x0000000000000000
RIP=0x0000000052c8f450, EFLAGS=0x0000000000010202

Top of Stack: (sp=0x0000000018f1c188)
0x0000000018f1c188:   0000000052cb095b 0000000000000e1d
0x0000000018f1c198:   00000000000002c1 0000000018f1c290
0x0000000018f1c1a8:   0000000000000002 0000000000000005
0x0000000018f1c1b8:   0000000000001f5c 0000000000000000
0x0000000018f1c1c8:   000000002069c400 0000000018f1c370
0x0000000018f1c1d8:   00000000000000cf 0000000000000009
0x0000000018f1c1e8:   000000001efe3828 0000000000000005
0x0000000018f1c1f8:   0000000000000005 0000000052fbc590
0x0000000018f1c208:   00000005000000f2 000011f100000000
0x0000000018f1c218:   0000000018f1c560 000000000000000f
0x0000000018f1c228:   00000000206b4470 0000000000000000
0x0000000018f1c238:   000011f1000000f2 0000000018f1c560
0x0000000018f1c248:   000000000000000f 00000000206bc460
0x0000000018f1c258:   0000000000000000 00000000203f95a0
0x0000000018f1c268:   00000000177f6110 00000000000000e8
0x0000000018f1c278:   00000000000003d8 00000000177f64e8 

Instructions: (pc=0x0000000052c8f450)
0x0000000052c8f430:   01 ff 10 c1 eb 02 03 c3 48 8b 5c 24 30 03 47 18
0x0000000052c8f440:   48 83 c4 20 5f c3 cc cc cc cc cc cc cc cc cc cc
0x0000000052c8f450:   0f b6 41 2c 24 03 3c 02 75 05 e9 11 38 fe ff 0f
0x0000000052c8f460:   b7 41 2e d1 e8 83 e0 01 c3 cc cc cc cc cc cc cc 


Register to memory mapping:

RAX=0x00000000206944b0 is an unknown value
RBX=0x000000001fb459b0 is an unknown value
RCX=0x0000000000000000 is an unknown value
RDX=0x0000000000002dac is an unknown value
RSP=0x0000000018f1c188 is pointing into the stack for thread: 0x00000000177bd000
RBP=0x0000000018f1c290 is pointing into the stack for thread: 0x00000000177bd000
RSI=0x0000000000000001 is an unknown value
RDI=0x000000001fb45700 is an unknown value
R8 =0x0000000000000005 is an unknown value
R9 =0x0000000000000002 is an unknown value
R10=0x000000001f424b30 is an unknown value
R11=0x000000000000001d is an unknown value
R12=0x0000000000000008 is an unknown value
R13=0x00000000207d0f50 is an unknown value
R14=0x00000000000000bc is an unknown value
R15=0x0000000000000000 is an unknown value


Stack: [0x0000000018e20000,0x0000000018f20000],  sp=0x0000000018f1c188,  free space=1008k
Native frames: (J=compiled Java code, j=interpreted, Vv=VM code, C=native code)
V  [jvm.dll+0x4ff450]


Current CompileTask:
C2:  29805 1562   !   4       java.awt.EventDispatchThread::pumpOneEventForFilters (190 bytes)


---------------  P R O C E S S  ---------------

Java Threads: ( => current thread )
  0x000000001bf37000 JavaThread "TimerQueue" daemon [_thread_blocked, id=4404, stack(0x000000001e240000,0x000000001e340000)]
  0x000000001beb5000 JavaThread "D3D Screen Updater" daemon [_thread_blocked, id=10032, stack(0x000000001d290000,0x000000001d390000)]
  0x00000000009ed800 JavaThread "DestroyJavaVM" [_thread_blocked, id=3276, stack(0x0000000002a00000,0x0000000002b00000)]
  0x00000000194ad800 JavaThread "AWT-EventQueue-0" [_thread_blocked, id=10968, stack(0x0000000019cb0000,0x0000000019db0000)]
  0x00000000194a8800 JavaThread "AWT-Windows" daemon [_thread_in_native, id=8876, stack(0x0000000019a80000,0x0000000019b80000)]
  0x00000000194a5800 JavaThread "AWT-Shutdown" [_thread_blocked, id=1504, stack(0x0000000019980000,0x0000000019a80000)]
  0x00000000194a5000 JavaThread "Java2D Disposer" daemon [_thread_blocked, id=9368, stack(0x0000000019880000,0x0000000019980000)]
  0x0000000019150800 JavaThread "Service Thread" daemon [_thread_blocked, id=10792, stack(0x0000000019520000,0x0000000019620000)]
  0x00000000177cb000 JavaThread "C1 CompilerThread2" daemon [_thread_blocked, id=1436, stack(0x0000000019020000,0x0000000019120000)]
  0x00000000177c3800 JavaThread "C2 CompilerThread1" daemon [_thread_in_native, id=9280, stack(0x0000000018f20000,0x0000000019020000)]
=>0x00000000177bd000 JavaThread "C2 CompilerThread0" daemon [_thread_in_native, id=8048, stack(0x0000000018e20000,0x0000000018f20000)]
  0x00000000177bb000 JavaThread "Attach Listener" daemon [_thread_blocked, id=4196, stack(0x0000000018d20000,0x0000000018e20000)]
  0x00000000177ba000 JavaThread "Signal Dispatcher" daemon [_thread_blocked, id=188, stack(0x0000000018c20000,0x0000000018d20000)]
  0x0000000002bfc000 JavaThread "Finalizer" daemon [_thread_blocked, id=6820, stack(0x0000000018a10000,0x0000000018b10000)]
  0x0000000017789000 JavaThread "Reference Handler" daemon [_thread_blocked, id=9724, stack(0x0000000018910000,0x0000000018a10000)]

Other Threads:
  0x0000000017787800 VMThread [stack: 0x0000000018810000,0x0000000018910000] [id=7748]
  0x000000001916e800 WatcherThread [stack: 0x0000000019620000,0x0000000019720000] [id=9556]

VM state:not at safepoint (normal execution)

VM Mutex/Monitor currently owned by a thread: None

heap address: 0x0000000080a00000, size: 2038 MB, Compressed Oops mode: 32-bit
Narrow klass base: 0x0000000000000000, Narrow klass shift: 3
Compressed class space size: 1073741824 Address: 0x0000000100000000

Heap:
 PSYoungGen      total 38400K, used 15994K [0x00000000d5900000, 0x00000000d8380000, 0x0000000100000000)
  eden space 33280K, 48% used [0x00000000d5900000,0x00000000d689ebe0,0x00000000d7980000)
  from space 5120K, 0% used [0x00000000d7e80000,0x00000000d7e80000,0x00000000d8380000)
  to   space 5120K, 0% used [0x00000000d7980000,0x00000000d7980000,0x00000000d7e80000)
 ParOldGen       total 87552K, used 0K [0x0000000080a00000, 0x0000000085f80000, 0x00000000d5900000)
  object space 87552K, 0% used [0x0000000080a00000,0x0000000080a00000,0x0000000085f80000)
 Metaspace       used 14142K, capacity 14326K, committed 14464K, reserved 1062912K
  class space    used 1794K, capacity 1877K, committed 1920K, reserved 1048576K

Card table byte_map: [0x0000000011fc0000,0x00000000123c0000] byte_map_base: 0x0000000011bbb000

Marking Bits: (ParMarkBitMap*) 0x0000000052fbbe30
 Begin Bits: [0x0000000012a70000, 0x0000000014a48000)
 End Bits:   [0x0000000014a48000, 0x0000000016a20000)

Polling page: 0x0000000001120000

CodeCache: size=245760Kb used=5009Kb max_used=5022Kb free=240750Kb
 bounds [0x0000000002c00000, 0x00000000030f0000, 0x0000000011c00000]
 total_blobs=2088 nmethods=1560 adapters=439
 compilation: enabled

Compilation events (10 events):
Event: 28.833 Thread 0x00000000177cb000 1557   !   3       sun.awt.PostEventQueue::flush (168 bytes)
Event: 28.833 Thread 0x00000000177cb000 nmethod 1557 0x00000000030d1390 code [0x00000000030d15e0, 0x00000000030d2708]
Event: 29.317 Thread 0x00000000177bd000 1558   !   4       java.awt.EventQueue::setCurrentEventAndMostRecentTimeImpl (185 bytes)
Event: 29.324 Thread 0x00000000177bd000 nmethod 1558 0x00000000030e2210 code [0x00000000030e23c0, 0x00000000030e2968]
Event: 29.528 Thread 0x00000000177c3800 1559       4       java.awt.EventQueue::dispatchEvent (80 bytes)
Event: 29.539 Thread 0x00000000177bd000 1560   !   4       java.awt.EventDispatchThread::filterAndCheckEvent (108 bytes)
Event: 29.541 Thread 0x00000000177c3800 nmethod 1559 0x00000000030e8fd0 code [0x00000000030e91c0, 0x00000000030e9f50]
Event: 29.541 Thread 0x00000000177c3800 1561   !   4       java.awt.EventQueue::getNextEvent (84 bytes)
Event: 29.546 Thread 0x00000000177bd000 nmethod 1560 0x00000000030cc290 code [0x00000000030cc420, 0x00000000030ccb28]
Event: 29.546 Thread 0x00000000177bd000 1562   !   4       java.awt.EventDispatchThread::pumpOneEventForFilters (190 bytes)

GC Heap History (0 events):
No events

Deoptimization events (10 events):
Event: 0.711 Thread 0x00000000194ad800 Uncommon trap: reason=unstable_if action=reinterpret pc=0x0000000002e40fcc method=java.lang.String.<init>([CII)V @ 18
Event: 0.729 Thread 0x00000000194ad800 Uncommon trap: reason=unstable_if action=reinterpret pc=0x0000000002e3fd10 method=java.lang.String.indexOf([CII[CIII)I @ 3
Event: 0.733 Thread 0x00000000194ad800 Uncommon trap: reason=bimorphic action=maybe_recompile pc=0x0000000002dedf94 method=java.util.HashMap.getNode(ILjava/lang/Object;)Ljava/util/HashMap$Node; @ 126
Event: 0.733 Thread 0x00000000194ad800 Uncommon trap: reason=bimorphic action=maybe_recompile pc=0x0000000002dedf94 method=java.util.HashMap.getNode(ILjava/lang/Object;)Ljava/util/HashMap$Node; @ 126
Event: 0.733 Thread 0x00000000194ad800 Uncommon trap: reason=bimorphic action=maybe_recompile pc=0x0000000002dedf94 method=java.util.HashMap.getNode(ILjava/lang/Object;)Ljava/util/HashMap$Node; @ 126
Event: 0.733 Thread 0x00000000194ad800 Uncommon trap: reason=bimorphic action=maybe_recompile pc=0x0000000002dedf94 method=java.util.HashMap.getNode(ILjava/lang/Object;)Ljava/util/HashMap$Node; @ 126
Event: 0.930 Thread 0x00000000194ad800 Uncommon trap: reason=unstable_if action=reinterpret pc=0x0000000002e6f338 method=org.sqlite.SQLiteJDBCLoader.contentsEquals(Ljava/io/InputStream;Ljava/io/InputStream;)Z @ 39
Event: 19.792 Thread 0x00000000194ad800 Uncommon trap: reason=unstable_if action=reinterpret pc=0x0000000002ffc6d0 method=java.awt.EventQueue.getPriority(Ljava/awt/AWTEvent;)I @ 4
Event: 19.792 Thread 0x00000000194ad800 Uncommon trap: reason=unstable_if action=reinterpret pc=0x0000000002fd203c method=java.awt.EventQueue.eventToCacheIndex(Ljava/awt/AWTEvent;)I @ 71
Event: 28.338 Thread 0x00000000194ad800 Uncommon trap: reason=unstable_if action=reinterpret pc=0x00000000030da248 method=java.awt.EventQueue.coalesceEvent(Ljava/awt/AWTEvent;I)Z @ 16

Classes redefined (0 events):
No events

Internal exceptions (10 events):
Event: 0.036 Thread 0x00000000009ed800 Exception <a 'java/lang/NoSuchMethodError': Method sun.misc.Unsafe.defineClass(Ljava/lang/String;[BII)Ljava/lang/Class; name or signature does not match> (0x00000000d5907cc0) thrown at [C:\ade\jenkins\workspace\8-2-build-windows-amd64-cygwin\jdk8u241\331\
Event: 0.036 Thread 0x00000000009ed800 Exception <a 'java/lang/NoSuchMethodError': Method sun.misc.Unsafe.prefetchRead(Ljava/lang/Object;J)V name or signature does not match> (0x00000000d5907fa8) thrown at [C:\ade\jenkins\workspace\8-2-build-windows-amd64-cygwin\jdk8u241\331\hotspot\src\share\
Event: 0.113 Thread 0x00000000009ed800 Exception <a 'java/security/PrivilegedActionException'> (0x00000000d597c568) thrown at [C:\ade\jenkins\workspace\8-2-build-windows-amd64-cygwin\jdk8u241\331\hotspot\src\share\vm\prims\jvm.cpp, line 1502]
Event: 0.113 Thread 0x00000000009ed800 Exception <a 'java/security/PrivilegedActionException'> (0x00000000d597c778) thrown at [C:\ade\jenkins\workspace\8-2-build-windows-amd64-cygwin\jdk8u241\331\hotspot\src\share\vm\prims\jvm.cpp, line 1502]
Event: 0.114 Thread 0x00000000009ed800 Exception <a 'java/security/PrivilegedActionException'> (0x00000000d59803e8) thrown at [C:\ade\jenkins\workspace\8-2-build-windows-amd64-cygwin\jdk8u241\331\hotspot\src\share\vm\prims\jvm.cpp, line 1502]
Event: 0.114 Thread 0x00000000009ed800 Exception <a 'java/security/PrivilegedActionException'> (0x00000000d59805f8) thrown at [C:\ade\jenkins\workspace\8-2-build-windows-amd64-cygwin\jdk8u241\331\hotspot\src\share\vm\prims\jvm.cpp, line 1502]
Event: 0.128 Thread 0x00000000009ed800 Exception <a 'java/io/FileNotFoundException'> (0x00000000d598c8e0) thrown at [C:\ade\jenkins\workspace\8-2-build-windows-amd64-cygwin\jdk8u241\331\hotspot\src\share\vm\prims\jni.cpp, line 710]
Event: 0.177 Thread 0x00000000009ed800 Exception <a 'java/lang/NoSuchFieldError': method resolution failed> (0x00000000d5b03c68) thrown at [C:\ade\jenkins\workspace\8-2-build-windows-amd64-cygwin\jdk8u241\331\hotspot\src\share\vm\prims\methodHandles.cpp, line 1167]
Event: 0.180 Thread 0x00000000009ed800 Exception <a 'java/lang/NoSuchFieldError': method resolution failed> (0x00000000d5b11038) thrown at [C:\ade\jenkins\workspace\8-2-build-windows-amd64-cygwin\jdk8u241\331\hotspot\src\share\vm\prims\methodHandles.cpp, line 1167]
Event: 0.275 Thread 0x00000000194ad800 Exception <a 'java/io/FileNotFoundException'> (0x00000000d5d04c50) thrown at [C:\ade\jenkins\workspace\8-2-build-windows-amd64-cygwin\jdk8u241\331\hotspot\src\share\vm\prims\jni.cpp, line 710]

Events (10 events):
Event: 23.317 Executing VM operation: RevokeBias done
Event: 24.431 loading class java/awt/Canvas
Event: 24.431 loading class java/awt/Canvas done
Event: 24.431 loading class java/awt/Scrollbar
Event: 24.432 loading class java/awt/Scrollbar done
Event: 28.338 loading class sun/awt/windows/WChoicePeer$2
Event: 28.338 loading class sun/awt/windows/WChoicePeer$2 done
Event: 28.338 Thread 0x00000000194ad800 Uncommon trap: trap_request=0xffffff65 fr.pc=0x00000000030da248
Event: 28.338 Thread 0x00000000194ad800 DEOPT PACKING pc=0x00000000030da248 sp=0x0000000019daf0c0
Event: 28.338 Thread 0x00000000194ad800 DEOPT UNPACKING pc=0x0000000002c4583b sp=0x0000000019daef30 mode 2


Dynamic libraries:
0x00007ff717f70000 - 0x00007ff717fa7000 	C:\Program Files\Java\jre1.8.0_241\bin\javaw.exe
0x00007ff9ffd60000 - 0x00007ff9fff50000 	C:\Windows\SYSTEM32\ntdll.dll
0x00007ff9ff590000 - 0x00007ff9ff642000 	C:\Windows\System32\KERNEL32.DLL
0x00007ff9fccf0000 - 0x00007ff9fcf93000 	C:\Windows\System32\KERNELBASE.dll
0x00007ff9ff6f0000 - 0x00007ff9ff793000 	C:\Windows\System32\ADVAPI32.dll
0x00007ff9ff4f0000 - 0x00007ff9ff58e000 	C:\Windows\System32\msvcrt.dll
0x00007ff9ff650000 - 0x00007ff9ff6e7000 	C:\Windows\System32\sechost.dll
0x00007ff9fde10000 - 0x00007ff9fdf30000 	C:\Windows\System32\RPCRT4.dll
0x00007ff9fe3b0000 - 0x00007ff9fe544000 	C:\Windows\System32\USER32.dll
0x00007ff9fdc90000 - 0x00007ff9fdcb1000 	C:\Windows\System32\win32u.dll
0x00007ff9ffaf0000 - 0x00007ff9ffb16000 	C:\Windows\System32\GDI32.dll
0x00007ff9fd000000 - 0x00007ff9fd194000 	C:\Windows\System32\gdi32full.dll
0x00007ff9fdba0000 - 0x00007ff9fdc3e000 	C:\Windows\System32\msvcp_win.dll
0x00007ff9fdd10000 - 0x00007ff9fde0a000 	C:\Windows\System32\ucrtbase.dll
0x00007ff9fc140000 - 0x00007ff9fc3c5000 	C:\Windows\WinSxS\amd64_microsoft.windows.common-controls_6595b64144ccf1df_6.0.18362.657_none_e6c5b579130e3898\COMCTL32.dll
0x00007ff9fe550000 - 0x00007ff9fe886000 	C:\Windows\System32\combase.dll
0x00007ff9fd9d0000 - 0x00007ff9fda50000 	C:\Windows\System32\bcryptPrimitives.dll
0x00007ff9ff8b0000 - 0x00007ff9ff8de000 	C:\Windows\System32\IMM32.DLL
0x00000000526b0000 - 0x0000000052782000 	C:\Program Files\Java\jre1.8.0_241\bin\msvcr100.dll
0x0000000052790000 - 0x000000005303c000 	C:\Program Files\Java\jre1.8.0_241\bin\server\jvm.dll
0x00007ff9ff7a0000 - 0x00007ff9ff7a8000 	C:\Windows\System32\PSAPI.DLL
0x00007ff9f91f0000 - 0x00007ff9f91f9000 	C:\Windows\SYSTEM32\WSOCK32.dll
0x00007ff9f9de0000 - 0x00007ff9f9e04000 	C:\Windows\SYSTEM32\WINMM.dll
0x00007ff9f3620000 - 0x00007ff9f362a000 	C:\Windows\SYSTEM32\VERSION.dll
0x00007ff9f9db0000 - 0x00007ff9f9ddd000 	C:\Windows\SYSTEM32\WINMMBASE.dll
0x00007ff9fdc40000 - 0x00007ff9fdc8a000 	C:\Windows\System32\cfgmgr32.dll
0x0000000001150000 - 0x00000000011bf000 	C:\Windows\System32\ws2_32.DLL
0x00007ff9f76e0000 - 0x00007ff9f76ef000 	C:\Program Files\Java\jre1.8.0_241\bin\verify.dll
0x00007ff9d8c80000 - 0x00007ff9d8ca9000 	C:\Program Files\Java\jre1.8.0_241\bin\java.dll
0x00007ff9d8c60000 - 0x00007ff9d8c76000 	C:\Program Files\Java\jre1.8.0_241\bin\zip.dll
0x00007ff9feca0000 - 0x00007ff9ff385000 	C:\Windows\System32\SHELL32.dll
0x00007ff9fe900000 - 0x00007ff9fe9a9000 	C:\Windows\System32\shcore.dll
0x00007ff9fd250000 - 0x00007ff9fd9cf000 	C:\Windows\System32\windows.storage.dll
0x00007ff9fcc40000 - 0x00007ff9fcc5f000 	C:\Windows\System32\profapi.dll
0x00007ff9fcc60000 - 0x00007ff9fccaa000 	C:\Windows\System32\powrprof.dll
0x00007ff9fcc30000 - 0x00007ff9fcc40000 	C:\Windows\System32\UMPDC.dll
0x00007ff9ff950000 - 0x00007ff9ff9a2000 	C:\Windows\System32\shlwapi.dll
0x00007ff9fccd0000 - 0x00007ff9fcce1000 	C:\Windows\System32\kernel.appcore.dll
0x00007ff9fdcc0000 - 0x00007ff9fdcd7000 	C:\Windows\System32\cryptsp.dll
0x00007ff9d0800000 - 0x00007ff9d099a000 	C:\Program Files\Java\jre1.8.0_241\bin\awt.dll
0x00007ff9ffa20000 - 0x00007ff9ffae4000 	C:\Windows\System32\OLEAUT32.dll
0x00007ff9f9f30000 - 0x00007ff9f9fbf000 	C:\Windows\SYSTEM32\apphelp.dll
0x00007ff9fa0a0000 - 0x00007ff9fa139000 	C:\Windows\system32\uxtheme.dll
0x00007ff9fe9b0000 - 0x00007ff9feae5000 	C:\Windows\System32\MSCTF.dll
0x00007ff9ff390000 - 0x00007ff9ff4e6000 	C:\Windows\System32\ole32.dll
0x00007ff9fa4a0000 - 0x00007ff9fa4cd000 	C:\Windows\system32\DWMAPI.DLL
0x00007ff9cfd80000 - 0x00007ff9cfed6000 	C:\Windows\system32\opengl32.dll
0x00007ff9d70b0000 - 0x00007ff9d70dc000 	C:\Windows\SYSTEM32\GLU32.dll
0x00007ff9fb290000 - 0x00007ff9fb2b0000 	C:\Windows\SYSTEM32\dxcore.dll
0x00007ff9bb210000 - 0x00007ff9bb3d7000 	C:\Windows\system32\d3d9.dll
0x00007ff9ba150000 - 0x00007ff9bb206000 	C:\Windows\SYSTEM32\nvd3dumx.dll
0x00007ff9f6780000 - 0x00007ff9f68ec000 	C:\Program Files (x86)\NVIDIA Corporation\3D Vision\nvSCPAPI64.dll
0x00007ff9fdf30000 - 0x00007ff9fe3a0000 	C:\Windows\System32\SETUPAPI.dll
0x00007ff9fdce0000 - 0x00007ff9fdd06000 	C:\Windows\System32\bcrypt.dll
0x00007ff9d6950000 - 0x00007ff9d6999000 	C:\Program Files\Java\jre1.8.0_241\bin\fontmanager.dll
0x00007ff9d6250000 - 0x00007ff9d626a000 	C:\Program Files\Java\jre1.8.0_241\bin\net.dll
0x00007ff9fbe20000 - 0x00007ff9fbe87000 	C:\Windows\system32\mswsock.dll
0x00007ff9d2d30000 - 0x00007ff9d2d42000 	C:\Program Files\Java\jre1.8.0_241\bin\nio.dll
0x00007ff9d2940000 - 0x00007ff9d2982000 	C:\Program Files\Java\jre1.8.0_241\bin\t2k.dll
0x00007ff9ffc70000 - 0x00007ff9ffd12000 	C:\Windows\System32\clbcatq.dll
0x00007ff9f7960000 - 0x00007ff9f7b0f000 	C:\Windows\SYSTEM32\WindowsCodecs.dll
0x00007ff9e8850000 - 0x00007ff9e888a000 	C:\Windows\system32\dataexchange.dll
0x00007ff9f92c0000 - 0x00007ff9f951b000 	C:\Windows\system32\d3d11.dll
0x00007ff9f9520000 - 0x00007ff9f96fb000 	C:\Windows\system32\dcomp.dll
0x00007ff9fb2b0000 - 0x00007ff9fb39b000 	C:\Windows\system32\dxgi.dll
0x00007ff9fa150000 - 0x00007ff9fa3aa000 	C:\Windows\system32\twinapi.appcore.dll
0x00007ff9fa580000 - 0x00007ff9fa5a9000 	C:\Windows\system32\RMCLIENT.dll
0x00007ff9f81e0000 - 0x00007ff9f827e000 	C:\Windows\System32\TextInputFramework.dll
0x00007ff9f7e80000 - 0x00007ff9f81aa000 	C:\Windows\System32\CoreUIComponents.dll
0x00007ff9f9b70000 - 0x00007ff9f9c44000 	C:\Windows\System32\CoreMessaging.dll
0x00007ff9fc4f0000 - 0x00007ff9fc521000 	C:\Windows\SYSTEM32\ntmarta.dll
0x00007ff9f7cb0000 - 0x00007ff9f7e03000 	C:\Windows\SYSTEM32\wintypes.dll
0x00007ff9fb990000 - 0x00007ff9fb9c3000 	C:\Windows\system32\rsaenh.dll
0x00007ff9fcb50000 - 0x00007ff9fcb75000 	C:\Windows\SYSTEM32\USERENV.dll
0x00007ff9fbff0000 - 0x00007ff9fbffc000 	C:\Windows\SYSTEM32\CRYPTBASE.dll
0x00007ff9fbb30000 - 0x00007ff9fbb6a000 	C:\Windows\SYSTEM32\IPHLPAPI.DLL
0x00007ff9fe3a0000 - 0x00007ff9fe3a8000 	C:\Windows\System32\NSI.dll
0x00007ff9f5e00000 - 0x00007ff9f5e16000 	C:\Windows\SYSTEM32\dhcpcsvc6.DLL
0x00007ff9f5de0000 - 0x00007ff9f5dfc000 	C:\Windows\SYSTEM32\dhcpcsvc.DLL
0x00007ff9fbb70000 - 0x00007ff9fbc3a000 	C:\Windows\SYSTEM32\DNSAPI.dll
0x0000000070340000 - 0x000000007040e000 	C:\Users\Miki\AppData\Local\Temp\sqlite-3.30.1-ca999227-3b3b-4a80-a220-d5b668f23a72-sqlitejdbc.dll
0x00007ff9f0da0000 - 0x00007ff9f1046000 	C:\Windows\System32\iertutil.dll
0x00007ff9fc5b0000 - 0x00007ff9fc7a4000 	C:\Windows\SYSTEM32\dbghelp.dll

VM Arguments:
jvm_args: -Dfile.encoding=Cp1250 
java_command: Main
java_class_path (initial): C:\Users\Miki\eclipse-workspace\Terminarz\bin;C:\Users\Miki\eclipse-workspace\ext\sqlite-jdbc-3.30.1.jar
Launcher Type: SUN_STANDARD

Environment Variables:
PATH=C:/Program Files/Java/jre1.8.0_241/bin/server;C:/Program Files/Java/jre1.8.0_241/bin;C:/Program Files/Java/jre1.8.0_241/lib/amd64;C:\Program Files (x86)\Common Files\Oracle\Java\javapath;C:\Program Files (x86)\NVIDIA Corporation\PhysX\Common;C:\Windows\system32;C:\Windows;C:\Windows\System32\Wbem;C:\Windows\System32\WindowsPowerShell\v1.0\;C:\Windows\System32\OpenSSH\;C:\Program Files (x86)\Brackets\command;C:\Program Files (x86)\AMD\ATI.ACE\Core-Static;C:\Users\Miki\AppData\Local\Microsoft\WindowsApps;C:\Users\Miki\AppData\Local\Programs\Git\cmd;C:\Users\Miki\Desktop;
USERNAME=Miki
OS=Windows_NT
PROCESSOR_IDENTIFIER=AMD64 Family 21 Model 48 Stepping 1, AuthenticAMD



---------------  S Y S T E M  ---------------

OS: Windows 10.0 , 64 bit Build 18362 (10.0.18362.329)

CPU:total 4 (initial active 4) (4 cores per cpu, 1 threads per core) family 21 model 48 stepping 1, cmov, cx8, fxsr, mmx, sse, sse2, sse3, ssse3, sse4.1, sse4.2, popcnt, avx, aes, clmul, mmxext, 3dnowpref, lzcnt, sse4a, tsc, tscinvbit, tscinv, bmi1

Memory: 4k page, physical 8346544k(5312576k free), swap 9657264k(6221396k free)

vm_info: Java HotSpot(TM) 64-Bit Server VM (25.241-b07) for windows-amd64 JRE (1.8.0_241-b07), built on Dec 11 2019 10:21:40 by "rejava" with MS VC++ 10.0 (VS2010)

time: Wed Mar 04 17:26:09 2020
timezone: Œrodkowoeuropejski czas stand.
elapsed time: 29 seconds (0d 0h 0m 29s)

